<?xml version="1.0" encoding="UTF-8"?>
<office:document-content xmlns:office="urn:oasis:names:tc:opendocument:xmlns:office:1.0" xmlns:style="urn:oasis:names:tc:opendocument:xmlns:style:1.0" xmlns:text="urn:oasis:names:tc:opendocument:xmlns:text:1.0" xmlns:table="urn:oasis:names:tc:opendocument:xmlns:table:1.0" xmlns:draw="urn:oasis:names:tc:opendocument:xmlns:drawing:1.0" xmlns:fo="urn:oasis:names:tc:opendocument:xmlns:xsl-fo-compatible:1.0" xmlns:xlink="http://www.w3.org/1999/xlink" xmlns:dc="http://purl.org/dc/elements/1.1/" xmlns:meta="urn:oasis:names:tc:opendocument:xmlns:meta:1.0" xmlns:number="urn:oasis:names:tc:opendocument:xmlns:datastyle:1.0" xmlns:svg="urn:oasis:names:tc:opendocument:xmlns:svg-compatible:1.0" xmlns:chart="urn:oasis:names:tc:opendocument:xmlns:chart:1.0" xmlns:dr3d="urn:oasis:names:tc:opendocument:xmlns:dr3d:1.0" xmlns:math="http://www.w3.org/1998/Math/MathML" xmlns:form="urn:oasis:names:tc:opendocument:xmlns:form:1.0" xmlns:script="urn:oasis:names:tc:opendocument:xmlns:script:1.0" xmlns:ooo="http://openoffice.org/2004/office" xmlns:ooow="http://openoffice.org/2004/writer" xmlns:oooc="http://openoffice.org/2004/calc" xmlns:dom="http://www.w3.org/2001/xml-events" xmlns:xforms="http://www.w3.org/2002/xforms" xmlns:xsd="http://www.w3.org/2001/XMLSchema" xmlns:xsi="http://www.w3.org/2001/XMLSchema-instance" xmlns:rpt="http://openoffice.org/2005/report" xmlns:of="urn:oasis:names:tc:opendocument:xmlns:of:1.2" xmlns:xhtml="http://www.w3.org/1999/xhtml" xmlns:grddl="http://www.w3.org/2003/g/data-view#" xmlns:field="urn:openoffice:names:experimental:ooo-ms-interop:xmlns:field:1.0" xmlns:formx="urn:openoffice:names:experimental:ooxml-odf-interop:xmlns:form:1.0" xmlns:css3t="http://www.w3.org/TR/css3-text/" office:version="1.1"><office:scripts/><office:font-face-decls><style:font-face style:name="FreeSans1" svg:font-family="FreeSans" style:font-family-generic="swiss"/><style:font-face style:name="Liberation Serif" svg:font-family="&apos;Liberation Serif&apos;" style:font-family-generic="roman" style:font-pitch="variable"/><style:font-face style:name="Arial" svg:font-family="Arial" style:font-family-generic="swiss" style:font-pitch="variable"/><style:font-face style:name="Liberation Sans" svg:font-family="&apos;Liberation Sans&apos;" style:font-family-generic="swiss" style:font-pitch="variable"/><style:font-face style:name="Droid Sans Fallback" svg:font-family="&apos;Droid Sans Fallback&apos;" style:font-family-generic="system" style:font-pitch="variable"/><style:font-face style:name="FreeSans" svg:font-family="FreeSans" style:font-family-generic="system" style:font-pitch="variable"/></office:font-face-decls><office:automatic-styles><style:style style:name="Table1" style:family="table"><style:table-properties style:width="17cm" table:align="margins"/></style:style><style:style style:name="Table1.A" style:family="table-column"><style:table-column-properties style:column-width="8.5cm" style:rel-column-width="32767*"/></style:style><style:style style:name="Table1.B" style:family="table-column"><style:table-column-properties style:column-width="8.5cm" style:rel-column-width="32768*"/></style:style><style:style style:name="Table1.1" style:family="table-row"><style:table-row-properties style:min-row-height="1cm"/></style:style><style:style style:name="Table1.A1" style:family="table-cell"><style:table-cell-properties style:vertical-align="middle" fo:background-color="#dddddd" fo:padding="0.097cm" fo:border="0.05pt solid #000000"><style:background-image/></style:table-cell-properties></style:style><style:style style:name="Table1.2" style:family="table-row"><style:table-row-properties style:row-height="0.7cm"/></style:style><style:style style:name="Table1.A2" style:family="table-cell"><style:table-cell-properties style:vertical-align="middle" fo:padding="0.097cm" fo:border-left="0.05pt solid #000000" fo:border-right="none" fo:border-top="none" fo:border-bottom="0.05pt solid #000000"/></style:style><style:style style:name="Table1.B2" style:family="table-cell"><style:table-cell-properties style:vertical-align="middle" fo:padding="0.097cm" fo:border-left="0.05pt solid #000000" fo:border-right="0.05pt solid #000000" fo:border-top="none" fo:border-bottom="0.05pt solid #000000"/></style:style><style:style style:name="Table2" style:family="table"><style:table-properties style:width="17.013cm" fo:margin-left="0cm" table:align="left"/></style:style><style:style style:name="Table2.A" style:family="table-column"><style:table-column-properties style:column-width="5.997cm"/></style:style><style:style style:name="Table2.B" style:family="table-column"><style:table-column-properties style:column-width="11.015cm"/></style:style><style:style style:name="Table2.1" style:family="table-row"><style:table-row-properties style:min-row-height="1cm"/></style:style><style:style style:name="Table2.A1" style:family="table-cell"><style:table-cell-properties style:vertical-align="middle" fo:background-color="#dddddd" fo:padding="0cm" fo:border="1pt solid #000000"><style:background-image/></style:table-cell-properties></style:style><style:style style:name="Table2.2" style:family="table-row"><style:table-row-properties style:min-row-height="0.801cm"/></style:style><style:style style:name="Table2.A2" style:family="table-cell"><style:table-cell-properties style:vertical-align="middle" fo:padding="0cm" fo:border-left="1pt solid #000000" fo:border-right="none" fo:border-top="none" fo:border-bottom="1pt solid #000000"/></style:style><style:style style:name="Table2.B2" style:family="table-cell"><style:table-cell-properties style:vertical-align="middle" fo:padding="0cm" fo:border-left="1pt solid #000000" fo:border-right="1pt solid #000000" fo:border-top="none" fo:border-bottom="1pt solid #000000"/></style:style><style:style style:name="Table3" style:family="table"><style:table-properties style:width="11.015cm" table:align="margins"/></style:style><style:style style:name="Table3.A" style:family="table-column"><style:table-column-properties style:column-width="5.002cm" style:rel-column-width="29762*"/></style:style><style:style style:name="Table3.B" style:family="table-column"><style:table-column-properties style:column-width="6.013cm" style:rel-column-width="35773*"/></style:style><style:style style:name="Table3.1" style:family="table-row"><style:table-row-properties style:row-height="0.801cm"/></style:style><style:style style:name="Table3.A1" style:family="table-cell"><style:table-cell-properties style:vertical-align="middle" fo:padding="0.097cm" fo:border-left="0.05pt solid #000000" fo:border-right="none" fo:border-top="0.05pt solid #000000" fo:border-bottom="0.05pt solid #000000"/></style:style><style:style style:name="Table3.B1" style:family="table-cell"><style:table-cell-properties style:vertical-align="middle" fo:padding="0.097cm" fo:border="0.05pt solid #000000"/></style:style><style:style style:name="P1" style:family="paragraph" style:parent-style-name="Standard"><style:text-properties style:font-name="Arial"/></style:style><style:style style:name="P2" style:family="paragraph" style:parent-style-name="Standard"><style:paragraph-properties fo:line-height="100%" fo:text-align="center" style:justify-single-word="false"/><style:text-properties style:font-name="Arial" fo:font-size="14pt" fo:font-weight="bold" style:font-size-asian="14pt" style:font-weight-asian="bold" style:font-size-complex="14pt" style:font-weight-complex="bold"/></style:style><style:style style:name="P3" style:family="paragraph" style:parent-style-name="Standard"><style:text-properties style:font-name="Arial" fo:font-size="11pt" fo:font-style="italic" style:font-size-asian="11pt" style:font-style-asian="italic" style:font-size-complex="11pt" style:font-style-complex="italic"/></style:style><style:style style:name="P4" style:family="paragraph" style:parent-style-name="Table_20_Contents"><style:paragraph-properties fo:text-align="center" style:justify-single-word="false"/><style:text-properties style:font-name="Arial" fo:font-size="14pt" fo:font-weight="bold" style:font-size-asian="14pt" style:font-weight-asian="bold" style:font-size-complex="14pt" style:font-weight-complex="bold"/></style:style><style:style style:name="P5" style:family="paragraph" style:parent-style-name="Text_20_body"><style:paragraph-properties fo:text-align="center" style:justify-single-word="false"/><style:text-properties style:font-name="Arial" fo:font-size="18pt" fo:font-weight="bold" style:font-size-asian="18pt" style:font-weight-asian="bold" style:font-size-complex="18pt" style:font-weight-complex="bold"/></style:style><style:style style:name="P6" style:family="paragraph" style:parent-style-name="Text_20_body"><style:text-properties style:font-name="Arial" fo:font-size="11pt" style:font-size-asian="11pt" style:font-size-complex="11pt"/></style:style><style:style style:name="P7" style:family="paragraph" style:parent-style-name="Text_20_body"><style:paragraph-properties fo:text-align="center" style:justify-single-word="false"/><style:text-properties style:font-name="Arial" fo:font-size="11pt" style:font-size-asian="11pt" style:font-size-complex="11pt"/></style:style><style:style style:name="P8" style:family="paragraph" style:parent-style-name="Text_20_body"><style:paragraph-properties fo:text-align="center" style:justify-single-word="false"/></style:style><style:style style:name="T1" style:family="text"><style:text-properties style:font-name="Arial"/></style:style></office:automatic-styles><office:body><office:text><text:sequence-decls><text:sequence-decl text:display-outline-level="0" text:name="Illustration"/><text:sequence-decl text:display-outline-level="0" text:name="Table"/><text:sequence-decl text:display-outline-level="0" text:name="Text"/><text:sequence-decl text:display-outline-level="0" text:name="Drawing"/></text:sequence-decls><text:p text:style-name="P5">{category}</text:p><text:p text:style-name="P2">{title}</text:p><text:p text:style-name="P1"/><text:p text:style-name="P3"/><text:p text:style-name="P3">{description}</text:p><text:p text:style-name="P1"/><text:p text:style-name="P1">{image}</text:p><text:p text:style-name="Text_20_body">[!-- BEGIN singledatas --]</text:p><table:table table:name="Table1" table:style-name="Table1"><table:table-column table:style-name="Table1.A"/><table:table-column table:style-name="Table1.B"/><table:table-row table:style-name="Table1.1"><table:table-cell table:style-name="Table1.A1" table:number-columns-spanned="2" office:value-type="string"><text:p text:style-name="P4">{datas_title}</text:p></table:table-cell><table:covered-table-cell/></table:table-row><table:table-row table:style-name="Table1.2"><table:table-cell table:style-name="Table1.A2" office:value-type="string"><text:p text:style-name="P6">[!-- BEGIN row.datas1 --]{row}</text:p></table:table-cell><table:table-cell table:style-name="Table1.B2" office:value-type="string"><text:p text:style-name="P7">{value}[!-- END row.datas1 --]</text:p></table:table-cell></table:table-row></table:table><text:p text:style-name="Text_20_body">[!-- END singledatas --][!-- BEGIN multipledatas --]</text:p><table:table table:name="Table2" table:style-name="Table2"><table:table-column table:style-name="Table2.A"/><table:table-column table:style-name="Table2.B"/><table:table-row table:style-name="Table2.1"><table:table-cell table:style-name="Table2.A1" table:number-columns-spanned="2" office:value-type="string"><text:p text:style-name="P4">{datas_title}</text:p></table:table-cell><table:covered-table-cell/></table:table-row><table:table-row table:style-name="Table2.2"><table:table-cell table:style-name="Table2.A2" office:value-type="string"><text:p text:style-name="Text_20_body">[!-- BEGIN row.datas2 --]<text:span text:style-name="T1">{row}</text:span></text:p></table:table-cell><table:table-cell table:style-name="Table2.B2" office:value-type="string"><table:table table:name="Table3" table:style-name="Table3"><table:table-column table:style-name="Table3.A"/><table:table-column table:style-name="Table3.B"/><table:table-row table:style-name="Table3.1"><table:table-cell table:style-name="Table3.A1" office:value-type="string"><text:p text:style-name="Text_20_body">[!-- BEGIN row.subrow --]<text:span text:style-name="T1">{col}</text:span></text:p></table:table-cell><table:table-cell table:style-name="Table3.B1" office:value-type="string"><text:p text:style-name="P8"><text:span text:style-name="T1">{value}</text:span>[!-- END row.subrow --]</text:p></table:table-cell></table:table-row></table:table><text:p text:style-name="Text_20_body">[!-- END row.datas2 --]</text:p></table:table-cell></table:table-row></table:table><text:p text:style-name="Text_20_body">[!-- END multipledatas --]</text:p></office:text></office:body></office:document-content>